<?xml version="1.0" encoding="UTF-8"?>
<testng-results ignored="0" total="1" passed="1" failed="0" skipped="0">
  <reporter-output>
  </reporter-output>
  <suite started-at="2023-04-17T18:31:19 EEST" name="Main suite" finished-at="2023-04-17T18:31:30 EEST" duration-ms="10900">
    <groups>
      <group name="regression">
        <method signature="ProfileIconNavigationTests.userAbleToOpenProfilePage()[pri:0, instance:core.tests.launches.ProfileIconNavigationTests@5377414a]" name="userAbleToOpenProfilePage" class="core.tests.launches.ProfileIconNavigationTests"/>
      </group> <!-- regression -->
      <group name="launches">
        <method signature="ProfileIconNavigationTests.userAbleToOpenProfilePage()[pri:0, instance:core.tests.launches.ProfileIconNavigationTests@5377414a]" name="userAbleToOpenProfilePage" class="core.tests.launches.ProfileIconNavigationTests"/>
      </group> <!-- launches -->
    </groups>
    <test started-at="2023-04-17T18:31:19 EEST" name="Full Scope" finished-at="2023-04-17T18:31:30 EEST" duration-ms="10900">
      <class name="core.tests.launches.ProfileIconNavigationTests">
        <test-method is-config="true" signature="setup()[pri:0, instance:core.tests.launches.ProfileIconNavigationTests@5377414a]" started-at="2023-04-17T18:31:19 EEST" name="setup" finished-at="2023-04-17T18:31:23 EEST" duration-ms="4303" status="PASS">
          <reporter-output>
          </reporter-output>
        </test-method> <!-- setup -->
        <test-method signature="userAbleToOpenProfilePage()[pri:0, instance:core.tests.launches.ProfileIconNavigationTests@5377414a]" started-at="2023-04-17T18:31:23 EEST" name="userAbleToOpenProfilePage" finished-at="2023-04-17T18:31:30 EEST" duration-ms="6298" status="PASS">
          <reporter-output>
          </reporter-output>
        </test-method> <!-- userAbleToOpenProfilePage -->
        <test-method is-config="true" signature="tearDown()[pri:0, instance:core.tests.launches.ProfileIconNavigationTests@5377414a]" started-at="2023-04-17T18:31:30 EEST" name="tearDown" finished-at="2023-04-17T18:31:30 EEST" duration-ms="115" status="PASS">
          <reporter-output>
          </reporter-output>
        </test-method> <!-- tearDown -->
      </class> <!-- core.tests.launches.ProfileIconNavigationTests -->
    </test> <!-- Full Scope -->
  </suite> <!-- Main suite -->
</testng-results>
